<?xml version="1.0" encoding="UTF-8"?>
<!-- Generated by org.testng.reporters.JUnitReportReporter -->
<testsuite skipped="0" hostname="LAPTOP-KQD2HIRQ" name="testCases.PushNotificationsTestCases" tests="1" failures="0" timestamp="2023-01-16T09:06:35 IST" time="5.424" errors="0">
  <testcase name="validateTitleOfThePage" time="5.424" classname="testCases.PushNotificationsTestCases"/>
</testsuite> <!-- testCases.PushNotificationsTestCases -->
