<?xml version="1.0" encoding="UTF-8"?>
<!-- Generated by org.testng.reporters.JUnitReportReporter -->
<testsuite skipped="0" hostname="LAPTOP-KQD2HIRQ" name="testCases.ManageOrdersTestCases" tests="1" failures="0" timestamp="2023-01-16T09:06:35 IST" time="10.157" errors="0">
  <testcase name="validateDeletionOfProductOrder" time="10.157" classname="testCases.ManageOrdersTestCases"/>
</testsuite> <!-- testCases.ManageOrdersTestCases -->
