<?xml version="1.0" encoding="UTF-8"?>
<!-- Generated by org.testng.reporters.JUnitReportReporter -->
<testsuite hostname="LAPTOP-KQD2HIRQ" failures="0" tests="2" name="testCases.AdminUsersTestCases" time="27.748" errors="0" timestamp="2022-12-30T00:39:08 IST" skipped="0">
  <testcase classname="testCases.AdminUsersTestCases" name="validateAdminProfileWithFaker" time="5.197"/>
  <system-out/>
  <testcase classname="testCases.AdminUsersTestCases" name="validateAdminProfileAlreadyExists" time="22.551"/>
  <system-out/>
</testsuite> <!-- testCases.AdminUsersTestCases -->
