<?xml version="1.0" encoding="UTF-8"?>
<!-- Generated by org.testng.reporters.JUnitReportReporter -->
<testsuite skipped="0" hostname="LAPTOP-KQD2HIRQ" name="testCases.ManageDeliveryBoyTestCases" tests="1" failures="0" timestamp="2023-01-09T23:04:56 IST" time="8.801" errors="0">
  <testcase name="validateToolKit" time="8.801" classname="testCases.ManageDeliveryBoyTestCases"/>
</testsuite> <!-- testCases.ManageDeliveryBoyTestCases -->
