<?xml version="1.0" encoding="UTF-8"?>
<!-- Generated by org.testng.reporters.JUnitReportReporter -->
<testsuite hostname="LAPTOP-KQD2HIRQ" failures="0" tests="2" name="testCases.ManageLocationTestCases" time="8.013" errors="0" timestamp="2022-12-25T16:34:48 IST" skipped="0">
  <testcase classname="testCases.ManageLocationTestCases" name="validateCountOfActiveStatus" time="3.630"/>
  <system-out/>
  <testcase classname="testCases.ManageLocationTestCases" name="validateStateNameFromDropdown" time="4.383"/>
  <system-out/>
</testsuite> <!-- testCases.ManageLocationTestCases -->
