<?xml version="1.0" encoding="UTF-8"?>
<!-- Generated by org.testng.reporters.JUnitReportReporter -->
<testsuite hostname="LAPTOP-KQD2HIRQ" failures="0" tests="1" name="testCases.ManageOrdersTestCases" time="8.441" errors="0" timestamp="2022-12-22T11:32:32 IST" skipped="0">
  <testcase classname="testCases.ManageOrdersTestCases" name="validatePaymentModeIsBank" time="8.441"/>
  <system-out/>
</testsuite> <!-- testCases.ManageOrdersTestCases -->
