<?xml version="1.0" encoding="UTF-8"?>
<!-- Generated by org.testng.reporters.JUnitReportReporter -->
<testsuite hostname="LAPTOP-KQD2HIRQ" failures="0" tests="1" name="testCases.SettingsPageTestCases" time="6.764" errors="0" timestamp="2022-12-30T00:39:08 IST" skipped="0">
  <testcase classname="testCases.SettingsPageTestCases" name="validateLogout" time="6.764"/>
  <system-out/>
</testsuite> <!-- testCases.SettingsPageTestCases -->
