<?xml version="1.0" encoding="UTF-8"?>
<!-- Generated by org.testng.reporters.JUnitReportReporter -->
<testsuite skipped="0" hostname="LAPTOP-KQD2HIRQ" name="testCases.ManageProductTestCases" tests="1" failures="0" timestamp="2023-01-16T09:06:35 IST" time="6.403" errors="0">
  <testcase name="validateVegIsSelectedByDefault" time="6.403" classname="testCases.ManageProductTestCases"/>
</testsuite> <!-- testCases.ManageProductTestCases -->
