<?xml version="1.0" encoding="UTF-8"?>
<!-- Generated by org.testng.reporters.JUnitReportReporter -->
<testsuite skipped="0" hostname="LAPTOP-KQD2HIRQ" name="testCases.LoginTestCases" tests="7" failures="0" timestamp="2023-01-09T20:59:01 IST" time="28.668" errors="0">
  <testcase name="loggedInProfileNameValidation" time="4.129" classname="testCases.LoginTestCases"/>
  <testcase name="loggedInProfileNameValidation" time="3.283" classname="testCases.LoginTestCases"/>
  <testcase name="loggedInProfileNameValidation" time="5.981" classname="testCases.LoginTestCases"/>
  <testcase name="loggedInProfileNameValidation" time="3.514" classname="testCases.LoginTestCases"/>
  <testcase name="profileNameStyleValidation" time="3.577" classname="testCases.LoginTestCases"/>
  <testcase name="validationOfRememberMeCheckbox" time="3.396" classname="testCases.LoginTestCases"/>
  <testcase name="excelRead" time="4.788" classname="testCases.LoginTestCases"/>
</testsuite> <!-- testCases.LoginTestCases -->
