<?xml version="1.0" encoding="UTF-8"?>
<!-- Generated by org.testng.reporters.JUnitReportReporter -->
<testsuite skipped="0" hostname="LAPTOP-KQD2HIRQ" name="testCases.HomeTestCases" tests="3" failures="0" timestamp="2023-01-09T20:59:01 IST" time="10.913" errors="0">
  <testcase name="homeBgColorValidation" time="3.495" classname="testCases.HomeTestCases"/>
  <testcase name="manageExpenseTextValidation" time="3.823" classname="testCases.HomeTestCases"/>
  <testcase name="manageUsersTextValidation" time="3.595" classname="testCases.HomeTestCases"/>
</testsuite> <!-- testCases.HomeTestCases -->
