<?xml version="1.0" encoding="UTF-8"?>
<!-- Generated by org.testng.reporters.JUnitReportReporter -->
<testsuite hostname="LAPTOP-KQD2HIRQ" failures="0" tests="2" name="testCases.ManageExpenseTestCases" time="12.680" errors="0" timestamp="2022-12-25T17:19:13 IST" skipped="0">
  <testcase classname="testCases.ManageExpenseTestCases" name="validatingTheProductTitleAlreadyExists" time="8.505"/>
  <system-out/>
  <testcase classname="testCases.ManageExpenseTestCases" name="validatingTheProductTitleName" time="4.175"/>
  <system-out/>
</testsuite> <!-- testCases.ManageExpenseTestCases -->
