<?xml version="1.0" encoding="UTF-8"?>
<!-- Generated by org.testng.reporters.JUnitReportReporter -->
<testsuite hostname="LAPTOP-KQD2HIRQ" failures="0" tests="3" name="testCases.ManageDeliveryBoyTestCases" time="42.665" errors="0" timestamp="2022-12-30T00:39:08 IST" skipped="0">
  <testcase classname="testCases.ManageDeliveryBoyTestCases" name="validateToolKit" time="9.648"/>
  <system-out/>
  <testcase classname="testCases.ManageDeliveryBoyTestCases" name="validateSearchButtonClickability" time="23.197"/>
  <system-out/>
  <testcase classname="testCases.ManageDeliveryBoyTestCases" name="validateSearchButtonColor" time="9.820"/>
  <system-out/>
</testsuite> <!-- testCases.ManageDeliveryBoyTestCases -->
