<?xml version="1.0" encoding="UTF-8"?>
<!-- Generated by org.testng.reporters.JUnitReportReporter -->
<testsuite skipped="0" hostname="LAPTOP-KQD2HIRQ" name="testCases.AdminUsersTestCases" tests="1" failures="0" timestamp="2023-01-09T23:04:56 IST" time="5.544" errors="0">
  <testcase name="validateAdminProfileWithFaker" time="5.544" classname="testCases.AdminUsersTestCases"/>
</testsuite> <!-- testCases.AdminUsersTestCases -->
