<?xml version="1.0" encoding="UTF-8"?>
<!-- Generated by org.testng.reporters.JUnitReportReporter -->
<testsuite hostname="LAPTOP-KQD2HIRQ" failures="0" tests="4" name="testCases.ManageOrdersTestCases" time="40.124" errors="0" timestamp="2022-12-25T16:34:48 IST" skipped="0">
  <testcase classname="testCases.ManageOrdersTestCases" name="validateSizeOfStatusDropdown" time="4.083"/>
  <system-out/>
  <testcase classname="testCases.ManageOrdersTestCases" name="validatePaymentModeIsBank" time="21.150"/>
  <system-out/>
  <testcase classname="testCases.ManageOrdersTestCases" name="validateOrderIdAndPaymentMode" time="5.445"/>
  <system-out/>
  <testcase classname="testCases.ManageOrdersTestCases" name="validateDeletionOfProductOrder" time="9.446"/>
  <system-out/>
</testsuite> <!-- testCases.ManageOrdersTestCases -->
