<?xml version="1.0" encoding="UTF-8"?>
<!-- Generated by org.testng.reporters.JUnitReportReporter -->
<testsuite hostname="LAPTOP-KQD2HIRQ" failures="0" tests="1" name="testCases.SettingsPageTestCases" time="3.932" errors="0" timestamp="2022-12-25T16:34:48 IST" skipped="0">
  <testcase classname="testCases.SettingsPageTestCases" name="validateLogout" time="3.932"/>
  <system-out/>
</testsuite> <!-- testCases.SettingsPageTestCases -->
