<?xml version="1.0" encoding="UTF-8"?>
<!-- Generated by org.testng.reporters.JUnitReportReporter -->
<testsuite skipped="0" hostname="LAPTOP-KQD2HIRQ" name="testCases.ManageOrdersTestCases" tests="1" failures="0" timestamp="2023-01-09T23:04:56 IST" time="9.823" errors="0">
  <testcase name="validateDeletionOfProductOrder" time="9.823" classname="testCases.ManageOrdersTestCases"/>
</testsuite> <!-- testCases.ManageOrdersTestCases -->
