<?xml version="1.0" encoding="UTF-8"?>
<!-- Generated by org.testng.reporters.JUnitReportReporter -->
<testsuite hostname="LAPTOP-KQD2HIRQ" failures="0" tests="5" name="testCases.PushNotificationsTestCases" time="36.713" errors="0" timestamp="2022-12-30T00:39:08 IST" skipped="0">
  <testcase classname="testCases.PushNotificationsTestCases" name="validateTitleOfThePage" time="5.967"/>
  <system-out/>
  <testcase classname="testCases.PushNotificationsTestCases" name="validateColorOfMandatoryField" time="7.551"/>
  <system-out/>
  <testcase classname="testCases.PushNotificationsTestCases" name="validateColorOfSendButton" time="5.516"/>
  <system-out/>
  <testcase classname="testCases.PushNotificationsTestCases" name="validateAlertMessage" time="10.594"/>
  <system-out/>
  <testcase classname="testCases.PushNotificationsTestCases" name="validateAlertMsgBgColor" time="7.085"/>
  <system-out/>
</testsuite> <!-- testCases.PushNotificationsTestCases -->
