<?xml version="1.0" encoding="UTF-8"?>
<!-- Generated by org.testng.reporters.JUnitReportReporter -->
<testsuite skipped="0" hostname="LAPTOP-KQD2HIRQ" name="testCases.MobileSliderTestCases" tests="3" failures="0" timestamp="2023-01-09T20:59:01 IST" time="14.253" errors="0">
  <testcase name="validateTitleOfThePage" time="4.418" classname="testCases.MobileSliderTestCases"/>
  <testcase name="validateImageDisplay" time="5.060" classname="testCases.MobileSliderTestCases"/>
  <testcase name="validateStatusOfFirstImage" time="4.775" classname="testCases.MobileSliderTestCases"/>
</testsuite> <!-- testCases.MobileSliderTestCases -->
