<?xml version="1.0" encoding="UTF-8"?>
<!-- Generated by org.testng.reporters.JUnitReportReporter -->
<testsuite skipped="0" hostname="LAPTOP-KQD2HIRQ" name="testCases.SettingsPageTestCases" tests="1" failures="0" timestamp="2023-01-09T20:59:01 IST" time="4.507" errors="0">
  <testcase name="validateLogout" time="4.507" classname="testCases.SettingsPageTestCases"/>
</testsuite> <!-- testCases.SettingsPageTestCases -->
