<?xml version="1.0" encoding="UTF-8"?>
<!-- Generated by org.testng.reporters.JUnitReportReporter -->
<testsuite skipped="0" hostname="LAPTOP-KQD2HIRQ" name="testCases.ManageOrdersTestCases" tests="4" failures="0" timestamp="2023-01-10T10:37:51 IST" time="29.470" errors="0">
  <testcase name="validateSizeOfStatusDropdown" time="5.026" classname="testCases.ManageOrdersTestCases"/>
  <testcase name="validatePaymentModeIsBank" time="7.299" classname="testCases.ManageOrdersTestCases"/>
  <testcase name="validateOrderIdAndPaymentMode" time="6.836" classname="testCases.ManageOrdersTestCases"/>
  <testcase name="validateDeletionOfProductOrder" time="10.309" classname="testCases.ManageOrdersTestCases"/>
</testsuite> <!-- testCases.ManageOrdersTestCases -->
