<?xml version="1.0" encoding="UTF-8"?>
<!-- Generated by org.testng.reporters.JUnitReportReporter -->
<testsuite skipped="0" hostname="LAPTOP-KQD2HIRQ" name="testCases.SettingsPageTestCases" tests="1" failures="0" timestamp="2023-01-16T08:58:18 IST" time="21.237" errors="0">
  <testcase name="validateLogout" time="21.237" classname="testCases.SettingsPageTestCases"/>
</testsuite> <!-- testCases.SettingsPageTestCases -->
