<?xml version="1.0" encoding="UTF-8"?>
<!-- Generated by org.testng.reporters.JUnitReportReporter -->
<testsuite hostname="LAPTOP-KQD2HIRQ" failures="0" tests="2" name="testCases.ManageDeliveryBoyTestCases" time="6.543" errors="0" timestamp="2022-12-19T16:43:35 IST" skipped="0">
  <testcase classname="testCases.ManageDeliveryBoyTestCases" name="validateSearchButtonClickability" time="3.419"/>
  <system-out/>
  <testcase classname="testCases.ManageDeliveryBoyTestCases" name="validateSearchButtonColor" time="3.124"/>
  <system-out/>
</testsuite> <!-- testCases.ManageDeliveryBoyTestCases -->
