<?xml version="1.0" encoding="UTF-8"?>
<!-- Generated by org.testng.reporters.JUnitReportReporter -->
<testsuite hostname="LAPTOP-KQD2HIRQ" failures="0" tests="1" name="testCases.SettingsPageTestCases" time="3.939" errors="0" timestamp="2022-12-19T16:43:35 IST" skipped="0">
  <testcase classname="testCases.SettingsPageTestCases" name="validateLogout" time="3.939"/>
  <system-out/>
</testsuite> <!-- testCases.SettingsPageTestCases -->
