<?xml version="1.0" encoding="UTF-8"?>
<!-- Generated by org.testng.reporters.JUnitReportReporter -->
<testsuite skipped="0" hostname="LAPTOP-KQD2HIRQ" name="testCases.HomeTestCases" tests="1" failures="0" timestamp="2023-01-16T09:06:35 IST" time="19.609" errors="0">
  <testcase name="manageUsersTextValidation" time="19.609" classname="testCases.HomeTestCases"/>
</testsuite> <!-- testCases.HomeTestCases -->
