<?xml version="1.0" encoding="UTF-8"?>
<!-- Generated by org.testng.reporters.JUnitReportReporter -->
<testsuite skipped="0" hostname="LAPTOP-KQD2HIRQ" name="testCases.MobileSliderTestCases" tests="3" failures="0" timestamp="2023-01-16T08:58:18 IST" time="46.264" errors="0">
  <testcase name="validateTitleOfThePage" time="20.363" classname="testCases.MobileSliderTestCases"/>
  <testcase name="validateImageDisplay" time="20.749" classname="testCases.MobileSliderTestCases"/>
  <testcase name="validateStatusOfFirstImage" time="5.152" classname="testCases.MobileSliderTestCases"/>
</testsuite> <!-- testCases.MobileSliderTestCases -->
