<?xml version="1.0" encoding="UTF-8"?>
<!-- Generated by org.testng.reporters.JUnitReportReporter -->
<testsuite hostname="LAPTOP-KQD2HIRQ" failures="0" tests="3" name="testCases.MobileSliderTestCases" time="11.420" errors="0" timestamp="2022-12-19T16:43:35 IST" skipped="0">
  <testcase classname="testCases.MobileSliderTestCases" name="validateTitleOfThePage" time="3.820"/>
  <system-out/>
  <testcase classname="testCases.MobileSliderTestCases" name="validateImageDisplay" time="3.780"/>
  <system-out/>
  <testcase classname="testCases.MobileSliderTestCases" name="validateStatusOfFirstImage" time="3.820"/>
  <system-out/>
</testsuite> <!-- testCases.MobileSliderTestCases -->
