<?xml version="1.0" encoding="UTF-8"?>
<!-- Generated by org.testng.reporters.JUnitReportReporter -->
<testsuite hostname="LAPTOP-KQD2HIRQ" failures="0" tests="2" name="testCases.AdminUsersTestCases" time="27.413" errors="0" timestamp="2022-12-28T00:20:12 IST" skipped="0">
  <testcase classname="testCases.AdminUsersTestCases" name="validateAdminProfileWithFaker" time="22.958"/>
  <system-out/>
  <testcase classname="testCases.AdminUsersTestCases" name="validateAdminProfileAlreadyExists" time="4.455"/>
  <system-out/>
</testsuite> <!-- testCases.AdminUsersTestCases -->
