<?xml version="1.0" encoding="UTF-8"?>
<!-- Generated by org.testng.reporters.JUnitReportReporter -->
<testsuite hostname="LAPTOP-KQD2HIRQ" failures="0" tests="3" name="testCases.HomeTestCases" time="24.655" errors="0" timestamp="2022-12-19T16:43:35 IST" skipped="0">
  <testcase classname="testCases.HomeTestCases" name="homeBgColorValidation" time="18.902"/>
  <system-out/>
  <testcase classname="testCases.HomeTestCases" name="manageExpenseTextValidation" time="2.892"/>
  <system-out/>
  <testcase classname="testCases.HomeTestCases" name="manageUsersTextValidation" time="2.861"/>
  <system-out/>
</testsuite> <!-- testCases.HomeTestCases -->
