<?xml version="1.0" encoding="UTF-8"?>
<!-- Generated by org.testng.reporters.JUnitReportReporter -->
<testsuite hostname="LAPTOP-KQD2HIRQ" failures="0" tests="1" name="testCases.ManageProductTestCases" time="13.829" errors="0" timestamp="2022-12-22T11:40:05 IST" skipped="0">
  <testcase classname="testCases.ManageProductTestCases" name="validateUploadedFileIsPreviewDisplayed" time="13.829"/>
  <system-out/>
</testsuite> <!-- testCases.ManageProductTestCases -->
