<?xml version="1.0" encoding="UTF-8"?>
<!-- Generated by org.testng.reporters.JUnitReportReporter -->
<testsuite hostname="LAPTOP-KQD2HIRQ" failures="0" tests="4" name="testCases.ManageProductTestCases" time="26.649" errors="0" timestamp="2022-12-25T16:34:48 IST" skipped="0">
  <testcase classname="testCases.ManageProductTestCases" name="validateVegIsSelectedByDefault" time="5.288"/>
  <system-out/>
  <testcase classname="testCases.ManageProductTestCases" name="validateStockIsYesByDefault" time="5.887"/>
  <system-out/>
  <testcase classname="testCases.ManageProductTestCases" name="validateStylePropertyOfSaveButton" time="5.359"/>
  <system-out/>
  <testcase classname="testCases.ManageProductTestCases" name="validateUploadedFileIsPreviewDisplayed" time="10.115"/>
  <system-out/>
</testsuite> <!-- testCases.ManageProductTestCases -->
