<?xml version="1.0" encoding="UTF-8"?>
<!-- Generated by org.testng.reporters.JUnitReportReporter -->
<testsuite hostname="LAPTOP-KQD2HIRQ" failures="0" tests="3" name="testCases.MobileSliderTestCases" time="16.471" errors="0" timestamp="2022-12-25T16:34:48 IST" skipped="0">
  <testcase classname="testCases.MobileSliderTestCases" name="validateTitleOfThePage" time="3.978"/>
  <system-out/>
  <testcase classname="testCases.MobileSliderTestCases" name="validateImageDisplay" time="3.751"/>
  <system-out/>
  <testcase classname="testCases.MobileSliderTestCases" name="validateStatusOfFirstImage" time="8.742"/>
  <system-out/>
</testsuite> <!-- testCases.MobileSliderTestCases -->
