<?xml version="1.0" encoding="UTF-8"?>
<!-- Generated by org.testng.reporters.JUnitReportReporter -->
<testsuite skipped="0" hostname="LAPTOP-KQD2HIRQ" name="testCases.ManageDeliveryBoyTestCases" tests="1" failures="0" timestamp="2023-01-16T09:06:35 IST" time="7.151" errors="0">
  <testcase name="validateToolKit" time="7.151" classname="testCases.ManageDeliveryBoyTestCases"/>
</testsuite> <!-- testCases.ManageDeliveryBoyTestCases -->
