<?xml version="1.0" encoding="UTF-8"?>
<!-- Generated by org.testng.reporters.JUnitReportReporter -->
<testsuite hostname="LAPTOP-KQD2HIRQ" failures="0" tests="3" name="testCases.HomeTestCases" time="18.183" errors="0" timestamp="2022-12-30T00:39:08 IST" skipped="0">
  <testcase classname="testCases.HomeTestCases" name="homeBgColorValidation" time="7.007"/>
  <system-out/>
  <testcase classname="testCases.HomeTestCases" name="manageExpenseTextValidation" time="5.350"/>
  <system-out/>
  <testcase classname="testCases.HomeTestCases" name="manageUsersTextValidation" time="5.826"/>
  <system-out/>
</testsuite> <!-- testCases.HomeTestCases -->
