<?xml version="1.0" encoding="UTF-8"?>
<!-- Generated by org.testng.reporters.JUnitReportReporter -->
<testsuite skipped="0" hostname="LAPTOP-KQD2HIRQ" name="testCases.LoginTestCases" tests="1" failures="0" timestamp="2023-01-16T09:21:07 IST" time="20.508" errors="0">
  <testcase name="profileNameStyleValidation" time="20.508" classname="testCases.LoginTestCases"/>
</testsuite> <!-- testCases.LoginTestCases -->
