<?xml version="1.0" encoding="UTF-8"?>
<!-- Generated by org.testng.reporters.JUnitReportReporter -->
<testsuite hostname="LAPTOP-KQD2HIRQ" failures="0" tests="3" name="testCases.MobileSliderTestCases" time="18.999" errors="0" timestamp="2022-12-28T11:39:01 IST" skipped="0">
  <testcase classname="testCases.MobileSliderTestCases" name="validateTitleOfThePage" time="5.593"/>
  <system-out/>
  <testcase classname="testCases.MobileSliderTestCases" name="validateImageDisplay" time="4.605"/>
  <system-out/>
  <testcase classname="testCases.MobileSliderTestCases" name="validateStatusOfFirstImage" time="8.801"/>
  <system-out/>
</testsuite> <!-- testCases.MobileSliderTestCases -->
