<?xml version="1.0" encoding="UTF-8"?>
<!-- Generated by org.testng.reporters.JUnitReportReporter -->
<testsuite hostname="LAPTOP-KQD2HIRQ" failures="0" tests="5" name="testCases.PushNotificationsTestCases" time="45.965" errors="0" timestamp="2022-12-25T16:34:48 IST" skipped="0">
  <testcase classname="testCases.PushNotificationsTestCases" name="validateTitleOfThePage" time="3.387"/>
  <system-out/>
  <testcase classname="testCases.PushNotificationsTestCases" name="validateColorOfMandatoryField" time="9.655"/>
  <system-out/>
  <testcase classname="testCases.PushNotificationsTestCases" name="validateColorOfSendButton" time="9.107"/>
  <system-out/>
  <testcase classname="testCases.PushNotificationsTestCases" name="validateAlertMessage" time="19.205"/>
  <system-out/>
  <testcase classname="testCases.PushNotificationsTestCases" name="validateAlertMsgBgColor" time="4.611"/>
  <system-out/>
</testsuite> <!-- testCases.PushNotificationsTestCases -->
