<?xml version="1.0" encoding="UTF-8"?>
<!-- Generated by org.testng.reporters.JUnitReportReporter -->
<testsuite skipped="0" hostname="LAPTOP-KQD2HIRQ" name="testCases.ManageExpenseTestCases" tests="1" failures="0" timestamp="2023-01-16T08:58:18 IST" time="9.152" errors="0">
  <testcase name="validatingTheProductTitleAlreadyExists" time="9.152" classname="testCases.ManageExpenseTestCases"/>
</testsuite> <!-- testCases.ManageExpenseTestCases -->
