<?xml version="1.0" encoding="UTF-8"?>
<!-- Generated by org.testng.reporters.JUnitReportReporter -->
<testsuite hostname="LAPTOP-KQD2HIRQ" failures="0" tests="1" name="testCases.LoginTestCases" time="4.848" errors="0" timestamp="2022-12-25T12:28:04 IST" skipped="0">
  <testcase classname="testCases.LoginTestCases" name="excelRead" time="4.848"/>
  <system-out/>
</testsuite> <!-- testCases.LoginTestCases -->
