<?xml version="1.0" encoding="UTF-8"?>
<!-- Generated by org.testng.reporters.JUnitReportReporter -->
<testsuite skipped="0" hostname="LAPTOP-KQD2HIRQ" name="testCases.ManageExpenseTestCases" tests="1" failures="0" timestamp="2023-01-09T20:59:01 IST" time="9.747" errors="0">
  <testcase name="validatingTheProductTitleAlreadyExists" time="9.747" classname="testCases.ManageExpenseTestCases"/>
</testsuite> <!-- testCases.ManageExpenseTestCases -->
