<?xml version="1.0" encoding="UTF-8"?>
<!-- Generated by org.testng.reporters.JUnitReportReporter -->
<testsuite hostname="LAPTOP-KQD2HIRQ" failures="0" tests="3" name="testCases.ManageDeliveryBoyTestCases" time="13.316" errors="0" timestamp="2022-12-25T16:34:48 IST" skipped="0">
  <testcase classname="testCases.ManageDeliveryBoyTestCases" name="validateToolKit" time="6.392"/>
  <system-out/>
  <testcase classname="testCases.ManageDeliveryBoyTestCases" name="validateSearchButtonClickability" time="3.390"/>
  <system-out/>
  <testcase classname="testCases.ManageDeliveryBoyTestCases" name="validateSearchButtonColor" time="3.534"/>
  <system-out/>
</testsuite> <!-- testCases.ManageDeliveryBoyTestCases -->
