<?xml version="1.0" encoding="UTF-8"?>
<!-- Generated by org.testng.reporters.JUnitReportReporter -->
<testsuite hostname="LAPTOP-KQD2HIRQ" failures="0" tests="1" name="testCases.LoginTestCases" time="5.585" errors="0" timestamp="2022-12-22T19:42:28 IST" skipped="0">
  <testcase classname="testCases.LoginTestCases" name="excelRead" time="5.585"/>
  <system-out/>
</testsuite> <!-- testCases.LoginTestCases -->
