<?xml version="1.0" encoding="UTF-8"?>
<!-- Generated by org.testng.reporters.JUnitReportReporter -->
<testsuite hostname="LAPTOP-KQD2HIRQ" failures="0" tests="3" name="testCases.HomeTestCases" time="8.383" errors="0" timestamp="2022-12-25T16:34:48 IST" skipped="0">
  <testcase classname="testCases.HomeTestCases" name="homeBgColorValidation" time="2.814"/>
  <system-out/>
  <testcase classname="testCases.HomeTestCases" name="manageExpenseTextValidation" time="2.769"/>
  <system-out/>
  <testcase classname="testCases.HomeTestCases" name="manageUsersTextValidation" time="2.800"/>
  <system-out/>
</testsuite> <!-- testCases.HomeTestCases -->
