<?xml version="1.0" encoding="UTF-8"?>
<!-- Generated by org.testng.reporters.JUnitReportReporter -->
<testsuite hostname="LAPTOP-KQD2HIRQ" failures="0" tests="1" name="testCases.ManageExpenseTestCases" time="11.174" errors="0" timestamp="2022-12-28T10:35:48 IST" skipped="0">
  <testcase classname="testCases.ManageExpenseTestCases" name="validatingTheProductTitleAlreadyExists" time="11.174"/>
  <system-out/>
</testsuite> <!-- testCases.ManageExpenseTestCases -->
