<?xml version="1.0" encoding="UTF-8"?>
<!-- Generated by org.testng.reporters.JUnitReportReporter -->
<testsuite hostname="LAPTOP-KQD2HIRQ" failures="0" tests="1" name="testCases.PushNotificationTestCases" time="20.457" errors="0" timestamp="2022-12-17T16:42:20 IST" skipped="0">
  <testcase classname="testCases.PushNotificationTestCases" name="validateTitleOfThePage" time="20.457"/>
  <system-out/>
</testsuite> <!-- testCases.PushNotificationTestCases -->
