<?xml version="1.0" encoding="UTF-8"?>
<!-- Generated by org.testng.reporters.JUnitReportReporter -->
<testsuite hostname="LAPTOP-KQD2HIRQ" failures="0" tests="3" name="testCases.MobileSliderTestCases" time="54.603" errors="0" timestamp="2022-12-30T00:39:08 IST" skipped="0">
  <testcase classname="testCases.MobileSliderTestCases" name="validateTitleOfThePage" time="22.659"/>
  <system-out/>
  <testcase classname="testCases.MobileSliderTestCases" name="validateImageDisplay" time="23.876"/>
  <system-out/>
  <testcase classname="testCases.MobileSliderTestCases" name="validateStatusOfFirstImage" time="8.068"/>
  <system-out/>
</testsuite> <!-- testCases.MobileSliderTestCases -->
